[2024-09-13 14:50:22] local.ERROR: Too few arguments to function Illuminate\Database\Query\Builder::whereNotIn(), 0 passed in /home/uttam/Desktop/projects/furniro/furniro-backend/vendor/laravel/framework/src/Illuminate/Support/Traits/ForwardsCalls.php on line 23 and at least 2 expected {"exception":"[object] (ArgumentCountError(code: 0): Too few arguments to function Illuminate\\Database\\Query\\Builder::whereNotIn(), 0 passed in /home/uttam/Desktop/projects/furniro/furniro-backend/vendor/laravel/framework/src/Illuminate/Support/Traits/ForwardsCalls.php on line 23 and at least 2 expected at /home/uttam/Desktop/projects/furniro/furniro-backend/vendor/laravel/framework/src/Illuminate/Database/Query/Builder.php:1188)
[stacktrace]
#0 /home/uttam/Desktop/projects/furniro/furniro-backend/vendor/laravel/framework/src/Illuminate/Support/Traits/ForwardsCalls.php(23): Illuminate\\Database\\Query\\Builder->whereNotIn()
#1 /home/uttam/Desktop/projects/furniro/furniro-backend/vendor/laravel/framework/src/Illuminate/Database/Eloquent/Builder.php(2028): Illuminate\\Database\\Eloquent\\Builder->forwardCallTo()
#2 /home/uttam/Desktop/projects/furniro/furniro-backend/app/Http/Controllers/Api/ProductDescriptionController.php(19): Illuminate\\Database\\Eloquent\\Builder->__call()
#3 /home/uttam/Desktop/projects/furniro/furniro-backend/vendor/laravel/framework/src/Illuminate/Routing/ControllerDispatcher.php(46): App\\Http\\Controllers\\Api\\ProductDescriptionController->index()
#4 /home/uttam/Desktop/projects/furniro/furniro-backend/vendor/laravel/framework/src/Illuminate/Routing/Route.php(260): Illuminate\\Routing\\ControllerDispatcher->dispatch()
#5 /home/uttam/Desktop/projects/furniro/furniro-backend/vendor/laravel/framework/src/Illuminate/Routing/Route.php(206): Illuminate\\Routing\\Route->runController()
#6 /home/uttam/Desktop/projects/furniro/furniro-backend/vendor/laravel/framework/src/Illuminate/Routing/Router.php(806): Illuminate\\Routing\\Route->run()
#7 /home/uttam/Desktop/projects/furniro/furniro-backend/vendor/laravel/framework/src/Illuminate/Pipeline/Pipeline.php(144): Illuminate\\Routing\\Router->Illuminate\\Routing\\{closure}()
#8 /home/uttam/Desktop/projects/furniro/furniro-backend/vendor/laravel/framework/src/Illuminate/Routing/Middleware/SubstituteBindings.php(50): Illuminate\\Pipeline\\Pipeline->Illuminate\\Pipeline\\{closure}()
#9 /home/uttam/Desktop/projects/furniro/furniro-backend/vendor/laravel/framework/src/Illuminate/Pipeline/Pipeline.php(183): Illuminate\\Routing\\Middleware\\SubstituteBindings->handle()
#10 /home/uttam/Desktop/projects/furniro/furniro-backend/vendor/laravel/framework/src/Illuminate/Pipeline/Pipeline.php(119): Illuminate\\Pipeline\\Pipeline->Illuminate\\Pipeline\\{closure}()
#11 /home/uttam/Desktop/projects/furniro/furniro-backend/vendor/laravel/framework/src/Illuminate/Routing/Router.php(805): Illuminate\\Pipeline\\Pipeline->then()
#12 /home/uttam/Desktop/projects/furniro/furniro-backend/vendor/laravel/framework/src/Illuminate/Routing/Router.php(784): Illuminate\\Routing\\Router->runRouteWithinStack()
#13 /home/uttam/Desktop/projects/furniro/furniro-backend/vendor/laravel/framework/src/Illuminate/Routing/Router.php(748): Illuminate\\Routing\\Router->runRoute()
#14 /home/uttam/Desktop/projects/furniro/furniro-backend/vendor/laravel/framework/src/Illuminate/Routing/Router.php(737): Illuminate\\Routing\\Router->dispatchToRoute()
#15 /home/uttam/Desktop/projects/furniro/furniro-backend/vendor/laravel/framework/src/Illuminate/Foundation/Http/Kernel.php(200): Illuminate\\Routing\\Router->dispatch()
#16 /home/uttam/Desktop/projects/furniro/furniro-backend/vendor/laravel/framework/src/Illuminate/Pipeline/Pipeline.php(144): Illuminate\\Foundation\\Http\\Kernel->Illuminate\\Foundation\\Http\\{closure}()
#17 /home/uttam/Desktop/projects/furniro/furniro-backend/vendor/laravel/framework/src/Illuminate/Foundation/Http/Middleware/TransformsRequest.php(21): Illuminate\\Pipeline\\Pipeline->Illuminate\\Pipeline\\{closure}()
#18 /home/uttam/Desktop/projects/furniro/furniro-backend/vendor/laravel/framework/src/Illuminate/Foundation/Http/Middleware/ConvertEmptyStringsToNull.php(31): Illuminate\\Foundation\\Http\\Middleware\\TransformsRequest->handle()
#19 /home/uttam/Desktop/projects/furniro/furniro-backend/vendor/laravel/framework/src/Illuminate/Pipeline/Pipeline.php(183): Illuminate\\Foundation\\Http\\Middleware\\ConvertEmptyStringsToNull->handle()
#20 /home/uttam/Desktop/projects/furniro/furniro-backend/vendor/laravel/framework/src/Illuminate/Foundation/Http/Middleware/TransformsRequest.php(21): Illuminate\\Pipeline\\Pipeline->Illuminate\\Pipeline\\{closure}()
#21 /home/uttam/Desktop/projects/furniro/furniro-backend/vendor/laravel/framework/src/Illuminate/Foundation/Http/Middleware/TrimStrings.php(51): Illuminate\\Foundation\\Http\\Middleware\\TransformsRequest->handle()
#22 /home/uttam/Desktop/projects/furniro/furniro-backend/vendor/laravel/framework/src/Illuminate/Pipeline/Pipeline.php(183): Illuminate\\Foundation\\Http\\Middleware\\TrimStrings->handle()
#23 /home/uttam/Desktop/projects/furniro/furniro-backend/vendor/laravel/framework/src/Illuminate/Http/Middleware/ValidatePostSize.php(27): Illuminate\\Pipeline\\Pipeline->Illuminate\\Pipeline\\{closure}()
#24 /home/uttam/Desktop/projects/furniro/furniro-backend/vendor/laravel/framework/src/Illuminate/Pipeline/Pipeline.php(183): Illuminate\\Http\\Middleware\\ValidatePostSize->handle()
#25 /home/uttam/Desktop/projects/furniro/furniro-backend/vendor/laravel/framework/src/Illuminate/Foundation/Http/Middleware/PreventRequestsDuringMaintenance.php(110): Illuminate\\Pipeline\\Pipeline->Illuminate\\Pipeline\\{closure}()
#26 /home/uttam/Desktop/projects/furniro/furniro-backend/vendor/laravel/framework/src/Illuminate/Pipeline/Pipeline.php(183): Illuminate\\Foundation\\Http\\Middleware\\PreventRequestsDuringMaintenance->handle()
#27 /home/uttam/Desktop/projects/furniro/furniro-backend/vendor/laravel/framework/src/Illuminate/Http/Middleware/HandleCors.php(62): Illuminate\\Pipeline\\Pipeline->Illuminate\\Pipeline\\{closure}()
#28 /home/uttam/Desktop/projects/furniro/furniro-backend/vendor/laravel/framework/src/Illuminate/Pipeline/Pipeline.php(183): Illuminate\\Http\\Middleware\\HandleCors->handle()
#29 /home/uttam/Desktop/projects/furniro/furniro-backend/vendor/laravel/framework/src/Illuminate/Http/Middleware/TrustProxies.php(57): Illuminate\\Pipeline\\Pipeline->Illuminate\\Pipeline\\{closure}()
#30 /home/uttam/Desktop/projects/furniro/furniro-backend/vendor/laravel/framework/src/Illuminate/Pipeline/Pipeline.php(183): Illuminate\\Http\\Middleware\\TrustProxies->handle()
#31 /home/uttam/Desktop/projects/furniro/furniro-backend/vendor/laravel/framework/src/Illuminate/Pipeline/Pipeline.php(119): Illuminate\\Pipeline\\Pipeline->Illuminate\\Pipeline\\{closure}()
#32 /home/uttam/Desktop/projects/furniro/furniro-backend/vendor/laravel/framework/src/Illuminate/Foundation/Http/Kernel.php(175): Illuminate\\Pipeline\\Pipeline->then()
#33 /home/uttam/Desktop/projects/furniro/furniro-backend/vendor/laravel/framework/src/Illuminate/Foundation/Http/Kernel.php(144): Illuminate\\Foundation\\Http\\Kernel->sendRequestThroughRouter()
#34 /home/uttam/Desktop/projects/furniro/furniro-backend/vendor/laravel/framework/src/Illuminate/Foundation/Application.php(1183): Illuminate\\Foundation\\Http\\Kernel->handle()
#35 /home/uttam/Desktop/projects/furniro/furniro-backend/public/index.php(17): Illuminate\\Foundation\\Application->handleRequest()
#36 /home/uttam/Desktop/projects/furniro/furniro-backend/vendor/laravel/framework/src/Illuminate/Foundation/resources/server.php(16): require_once('...')
#37 {main}
"} 
[2024-09-13 14:50:37] local.ERROR: Too few arguments to function Illuminate\Database\Query\Builder::whereNotIn(), 1 passed in /home/uttam/Desktop/projects/furniro/furniro-backend/vendor/laravel/framework/src/Illuminate/Support/Traits/ForwardsCalls.php on line 23 and at least 2 expected {"exception":"[object] (ArgumentCountError(code: 0): Too few arguments to function Illuminate\\Database\\Query\\Builder::whereNotIn(), 1 passed in /home/uttam/Desktop/projects/furniro/furniro-backend/vendor/laravel/framework/src/Illuminate/Support/Traits/ForwardsCalls.php on line 23 and at least 2 expected at /home/uttam/Desktop/projects/furniro/furniro-backend/vendor/laravel/framework/src/Illuminate/Database/Query/Builder.php:1188)
[stacktrace]
#0 /home/uttam/Desktop/projects/furniro/furniro-backend/vendor/laravel/framework/src/Illuminate/Support/Traits/ForwardsCalls.php(23): Illuminate\\Database\\Query\\Builder->whereNotIn()
#1 /home/uttam/Desktop/projects/furniro/furniro-backend/vendor/laravel/framework/src/Illuminate/Database/Eloquent/Builder.php(2028): Illuminate\\Database\\Eloquent\\Builder->forwardCallTo()
#2 /home/uttam/Desktop/projects/furniro/furniro-backend/app/Http/Controllers/Api/ProductDescriptionController.php(19): Illuminate\\Database\\Eloquent\\Builder->__call()
#3 /home/uttam/Desktop/projects/furniro/furniro-backend/vendor/laravel/framework/src/Illuminate/Routing/ControllerDispatcher.php(46): App\\Http\\Controllers\\Api\\ProductDescriptionController->index()
#4 /home/uttam/Desktop/projects/furniro/furniro-backend/vendor/laravel/framework/src/Illuminate/Routing/Route.php(260): Illuminate\\Routing\\ControllerDispatcher->dispatch()
#5 /home/uttam/Desktop/projects/furniro/furniro-backend/vendor/laravel/framework/src/Illuminate/Routing/Route.php(206): Illuminate\\Routing\\Route->runController()
#6 /home/uttam/Desktop/projects/furniro/furniro-backend/vendor/laravel/framework/src/Illuminate/Routing/Router.php(806): Illuminate\\Routing\\Route->run()
#7 /home/uttam/Desktop/projects/furniro/furniro-backend/vendor/laravel/framework/src/Illuminate/Pipeline/Pipeline.php(144): Illuminate\\Routing\\Router->Illuminate\\Routing\\{closure}()
#8 /home/uttam/Desktop/projects/furniro/furniro-backend/vendor/laravel/framework/src/Illuminate/Routing/Middleware/SubstituteBindings.php(50): Illuminate\\Pipeline\\Pipeline->Illuminate\\Pipeline\\{closure}()
#9 /home/uttam/Desktop/projects/furniro/furniro-backend/vendor/laravel/framework/src/Illuminate/Pipeline/Pipeline.php(183): Illuminate\\Routing\\Middleware\\SubstituteBindings->handle()
#10 /home/uttam/Desktop/projects/furniro/furniro-backend/vendor/laravel/framework/src/Illuminate/Pipeline/Pipeline.php(119): Illuminate\\Pipeline\\Pipeline->Illuminate\\Pipeline\\{closure}()
#11 /home/uttam/Desktop/projects/furniro/furniro-backend/vendor/laravel/framework/src/Illuminate/Routing/Router.php(805): Illuminate\\Pipeline\\Pipeline->then()
#12 /home/uttam/Desktop/projects/furniro/furniro-backend/vendor/laravel/framework/src/Illuminate/Routing/Router.php(784): Illuminate\\Routing\\Router->runRouteWithinStack()
#13 /home/uttam/Desktop/projects/furniro/furniro-backend/vendor/laravel/framework/src/Illuminate/Routing/Router.php(748): Illuminate\\Routing\\Router->runRoute()
#14 /home/uttam/Desktop/projects/furniro/furniro-backend/vendor/laravel/framework/src/Illuminate/Routing/Router.php(737): Illuminate\\Routing\\Router->dispatchToRoute()
#15 /home/uttam/Desktop/projects/furniro/furniro-backend/vendor/laravel/framework/src/Illuminate/Foundation/Http/Kernel.php(200): Illuminate\\Routing\\Router->dispatch()
#16 /home/uttam/Desktop/projects/furniro/furniro-backend/vendor/laravel/framework/src/Illuminate/Pipeline/Pipeline.php(144): Illuminate\\Foundation\\Http\\Kernel->Illuminate\\Foundation\\Http\\{closure}()
#17 /home/uttam/Desktop/projects/furniro/furniro-backend/vendor/laravel/framework/src/Illuminate/Foundation/Http/Middleware/TransformsRequest.php(21): Illuminate\\Pipeline\\Pipeline->Illuminate\\Pipeline\\{closure}()
#18 /home/uttam/Desktop/projects/furniro/furniro-backend/vendor/laravel/framework/src/Illuminate/Foundation/Http/Middleware/ConvertEmptyStringsToNull.php(31): Illuminate\\Foundation\\Http\\Middleware\\TransformsRequest->handle()
#19 /home/uttam/Desktop/projects/furniro/furniro-backend/vendor/laravel/framework/src/Illuminate/Pipeline/Pipeline.php(183): Illuminate\\Foundation\\Http\\Middleware\\ConvertEmptyStringsToNull->handle()
#20 /home/uttam/Desktop/projects/furniro/furniro-backend/vendor/laravel/framework/src/Illuminate/Foundation/Http/Middleware/TransformsRequest.php(21): Illuminate\\Pipeline\\Pipeline->Illuminate\\Pipeline\\{closure}()
#21 /home/uttam/Desktop/projects/furniro/furniro-backend/vendor/laravel/framework/src/Illuminate/Foundation/Http/Middleware/TrimStrings.php(51): Illuminate\\Foundation\\Http\\Middleware\\TransformsRequest->handle()
#22 /home/uttam/Desktop/projects/furniro/furniro-backend/vendor/laravel/framework/src/Illuminate/Pipeline/Pipeline.php(183): Illuminate\\Foundation\\Http\\Middleware\\TrimStrings->handle()
#23 /home/uttam/Desktop/projects/furniro/furniro-backend/vendor/laravel/framework/src/Illuminate/Http/Middleware/ValidatePostSize.php(27): Illuminate\\Pipeline\\Pipeline->Illuminate\\Pipeline\\{closure}()
#24 /home/uttam/Desktop/projects/furniro/furniro-backend/vendor/laravel/framework/src/Illuminate/Pipeline/Pipeline.php(183): Illuminate\\Http\\Middleware\\ValidatePostSize->handle()
#25 /home/uttam/Desktop/projects/furniro/furniro-backend/vendor/laravel/framework/src/Illuminate/Foundation/Http/Middleware/PreventRequestsDuringMaintenance.php(110): Illuminate\\Pipeline\\Pipeline->Illuminate\\Pipeline\\{closure}()
#26 /home/uttam/Desktop/projects/furniro/furniro-backend/vendor/laravel/framework/src/Illuminate/Pipeline/Pipeline.php(183): Illuminate\\Foundation\\Http\\Middleware\\PreventRequestsDuringMaintenance->handle()
#27 /home/uttam/Desktop/projects/furniro/furniro-backend/vendor/laravel/framework/src/Illuminate/Http/Middleware/HandleCors.php(62): Illuminate\\Pipeline\\Pipeline->Illuminate\\Pipeline\\{closure}()
#28 /home/uttam/Desktop/projects/furniro/furniro-backend/vendor/laravel/framework/src/Illuminate/Pipeline/Pipeline.php(183): Illuminate\\Http\\Middleware\\HandleCors->handle()
#29 /home/uttam/Desktop/projects/furniro/furniro-backend/vendor/laravel/framework/src/Illuminate/Http/Middleware/TrustProxies.php(57): Illuminate\\Pipeline\\Pipeline->Illuminate\\Pipeline\\{closure}()
#30 /home/uttam/Desktop/projects/furniro/furniro-backend/vendor/laravel/framework/src/Illuminate/Pipeline/Pipeline.php(183): Illuminate\\Http\\Middleware\\TrustProxies->handle()
#31 /home/uttam/Desktop/projects/furniro/furniro-backend/vendor/laravel/framework/src/Illuminate/Pipeline/Pipeline.php(119): Illuminate\\Pipeline\\Pipeline->Illuminate\\Pipeline\\{closure}()
#32 /home/uttam/Desktop/projects/furniro/furniro-backend/vendor/laravel/framework/src/Illuminate/Foundation/Http/Kernel.php(175): Illuminate\\Pipeline\\Pipeline->then()
#33 /home/uttam/Desktop/projects/furniro/furniro-backend/vendor/laravel/framework/src/Illuminate/Foundation/Http/Kernel.php(144): Illuminate\\Foundation\\Http\\Kernel->sendRequestThroughRouter()
#34 /home/uttam/Desktop/projects/furniro/furniro-backend/vendor/laravel/framework/src/Illuminate/Foundation/Application.php(1183): Illuminate\\Foundation\\Http\\Kernel->handle()
#35 /home/uttam/Desktop/projects/furniro/furniro-backend/public/index.php(17): Illuminate\\Foundation\\Application->handleRequest()
#36 /home/uttam/Desktop/projects/furniro/furniro-backend/vendor/laravel/framework/src/Illuminate/Foundation/resources/server.php(16): require_once('...')
#37 {main}
"} 
[2024-09-13 14:51:25] local.ERROR: Too few arguments to function Illuminate\Database\Query\Builder::whereNotIn(), 1 passed in /home/uttam/Desktop/projects/furniro/furniro-backend/vendor/laravel/framework/src/Illuminate/Support/Traits/ForwardsCalls.php on line 23 and at least 2 expected {"exception":"[object] (ArgumentCountError(code: 0): Too few arguments to function Illuminate\\Database\\Query\\Builder::whereNotIn(), 1 passed in /home/uttam/Desktop/projects/furniro/furniro-backend/vendor/laravel/framework/src/Illuminate/Support/Traits/ForwardsCalls.php on line 23 and at least 2 expected at /home/uttam/Desktop/projects/furniro/furniro-backend/vendor/laravel/framework/src/Illuminate/Database/Query/Builder.php:1188)
[stacktrace]
#0 /home/uttam/Desktop/projects/furniro/furniro-backend/vendor/laravel/framework/src/Illuminate/Support/Traits/ForwardsCalls.php(23): Illuminate\\Database\\Query\\Builder->whereNotIn()
#1 /home/uttam/Desktop/projects/furniro/furniro-backend/vendor/laravel/framework/src/Illuminate/Database/Eloquent/Builder.php(2028): Illuminate\\Database\\Eloquent\\Builder->forwardCallTo()
#2 /home/uttam/Desktop/projects/furniro/furniro-backend/app/Http/Controllers/Api/ProductDescriptionController.php(19): Illuminate\\Database\\Eloquent\\Builder->__call()
#3 /home/uttam/Desktop/projects/furniro/furniro-backend/vendor/laravel/framework/src/Illuminate/Routing/ControllerDispatcher.php(46): App\\Http\\Controllers\\Api\\ProductDescriptionController->index()
#4 /home/uttam/Desktop/projects/furniro/furniro-backend/vendor/laravel/framework/src/Illuminate/Routing/Route.php(260): Illuminate\\Routing\\ControllerDispatcher->dispatch()
#5 /home/uttam/Desktop/projects/furniro/furniro-backend/vendor/laravel/framework/src/Illuminate/Routing/Route.php(206): Illuminate\\Routing\\Route->runController()
#6 /home/uttam/Desktop/projects/furniro/furniro-backend/vendor/laravel/framework/src/Illuminate/Routing/Router.php(806): Illuminate\\Routing\\Route->run()
#7 /home/uttam/Desktop/projects/furniro/furniro-backend/vendor/laravel/framework/src/Illuminate/Pipeline/Pipeline.php(144): Illuminate\\Routing\\Router->Illuminate\\Routing\\{closure}()
#8 /home/uttam/Desktop/projects/furniro/furniro-backend/vendor/laravel/framework/src/Illuminate/Routing/Middleware/SubstituteBindings.php(50): Illuminate\\Pipeline\\Pipeline->Illuminate\\Pipeline\\{closure}()
#9 /home/uttam/Desktop/projects/furniro/furniro-backend/vendor/laravel/framework/src/Illuminate/Pipeline/Pipeline.php(183): Illuminate\\Routing\\Middleware\\SubstituteBindings->handle()
#10 /home/uttam/Desktop/projects/furniro/furniro-backend/vendor/laravel/framework/src/Illuminate/Pipeline/Pipeline.php(119): Illuminate\\Pipeline\\Pipeline->Illuminate\\Pipeline\\{closure}()
#11 /home/uttam/Desktop/projects/furniro/furniro-backend/vendor/laravel/framework/src/Illuminate/Routing/Router.php(805): Illuminate\\Pipeline\\Pipeline->then()
#12 /home/uttam/Desktop/projects/furniro/furniro-backend/vendor/laravel/framework/src/Illuminate/Routing/Router.php(784): Illuminate\\Routing\\Router->runRouteWithinStack()
#13 /home/uttam/Desktop/projects/furniro/furniro-backend/vendor/laravel/framework/src/Illuminate/Routing/Router.php(748): Illuminate\\Routing\\Router->runRoute()
#14 /home/uttam/Desktop/projects/furniro/furniro-backend/vendor/laravel/framework/src/Illuminate/Routing/Router.php(737): Illuminate\\Routing\\Router->dispatchToRoute()
#15 /home/uttam/Desktop/projects/furniro/furniro-backend/vendor/laravel/framework/src/Illuminate/Foundation/Http/Kernel.php(200): Illuminate\\Routing\\Router->dispatch()
#16 /home/uttam/Desktop/projects/furniro/furniro-backend/vendor/laravel/framework/src/Illuminate/Pipeline/Pipeline.php(144): Illuminate\\Foundation\\Http\\Kernel->Illuminate\\Foundation\\Http\\{closure}()
#17 /home/uttam/Desktop/projects/furniro/furniro-backend/vendor/laravel/framework/src/Illuminate/Foundation/Http/Middleware/TransformsRequest.php(21): Illuminate\\Pipeline\\Pipeline->Illuminate\\Pipeline\\{closure}()
#18 /home/uttam/Desktop/projects/furniro/furniro-backend/vendor/laravel/framework/src/Illuminate/Foundation/Http/Middleware/ConvertEmptyStringsToNull.php(31): Illuminate\\Foundation\\Http\\Middleware\\TransformsRequest->handle()
#19 /home/uttam/Desktop/projects/furniro/furniro-backend/vendor/laravel/framework/src/Illuminate/Pipeline/Pipeline.php(183): Illuminate\\Foundation\\Http\\Middleware\\ConvertEmptyStringsToNull->handle()
#20 /home/uttam/Desktop/projects/furniro/furniro-backend/vendor/laravel/framework/src/Illuminate/Foundation/Http/Middleware/TransformsRequest.php(21): Illuminate\\Pipeline\\Pipeline->Illuminate\\Pipeline\\{closure}()
#21 /home/uttam/Desktop/projects/furniro/furniro-backend/vendor/laravel/framework/src/Illuminate/Foundation/Http/Middleware/TrimStrings.php(51): Illuminate\\Foundation\\Http\\Middleware\\TransformsRequest->handle()
#22 /home/uttam/Desktop/projects/furniro/furniro-backend/vendor/laravel/framework/src/Illuminate/Pipeline/Pipeline.php(183): Illuminate\\Foundation\\Http\\Middleware\\TrimStrings->handle()
#23 /home/uttam/Desktop/projects/furniro/furniro-backend/vendor/laravel/framework/src/Illuminate/Http/Middleware/ValidatePostSize.php(27): Illuminate\\Pipeline\\Pipeline->Illuminate\\Pipeline\\{closure}()
#24 /home/uttam/Desktop/projects/furniro/furniro-backend/vendor/laravel/framework/src/Illuminate/Pipeline/Pipeline.php(183): Illuminate\\Http\\Middleware\\ValidatePostSize->handle()
#25 /home/uttam/Desktop/projects/furniro/furniro-backend/vendor/laravel/framework/src/Illuminate/Foundation/Http/Middleware/PreventRequestsDuringMaintenance.php(110): Illuminate\\Pipeline\\Pipeline->Illuminate\\Pipeline\\{closure}()
#26 /home/uttam/Desktop/projects/furniro/furniro-backend/vendor/laravel/framework/src/Illuminate/Pipeline/Pipeline.php(183): Illuminate\\Foundation\\Http\\Middleware\\PreventRequestsDuringMaintenance->handle()
#27 /home/uttam/Desktop/projects/furniro/furniro-backend/vendor/laravel/framework/src/Illuminate/Http/Middleware/HandleCors.php(62): Illuminate\\Pipeline\\Pipeline->Illuminate\\Pipeline\\{closure}()
#28 /home/uttam/Desktop/projects/furniro/furniro-backend/vendor/laravel/framework/src/Illuminate/Pipeline/Pipeline.php(183): Illuminate\\Http\\Middleware\\HandleCors->handle()
#29 /home/uttam/Desktop/projects/furniro/furniro-backend/vendor/laravel/framework/src/Illuminate/Http/Middleware/TrustProxies.php(57): Illuminate\\Pipeline\\Pipeline->Illuminate\\Pipeline\\{closure}()
#30 /home/uttam/Desktop/projects/furniro/furniro-backend/vendor/laravel/framework/src/Illuminate/Pipeline/Pipeline.php(183): Illuminate\\Http\\Middleware\\TrustProxies->handle()
#31 /home/uttam/Desktop/projects/furniro/furniro-backend/vendor/laravel/framework/src/Illuminate/Pipeline/Pipeline.php(119): Illuminate\\Pipeline\\Pipeline->Illuminate\\Pipeline\\{closure}()
#32 /home/uttam/Desktop/projects/furniro/furniro-backend/vendor/laravel/framework/src/Illuminate/Foundation/Http/Kernel.php(175): Illuminate\\Pipeline\\Pipeline->then()
#33 /home/uttam/Desktop/projects/furniro/furniro-backend/vendor/laravel/framework/src/Illuminate/Foundation/Http/Kernel.php(144): Illuminate\\Foundation\\Http\\Kernel->sendRequestThroughRouter()
#34 /home/uttam/Desktop/projects/furniro/furniro-backend/vendor/laravel/framework/src/Illuminate/Foundation/Application.php(1183): Illuminate\\Foundation\\Http\\Kernel->handle()
#35 /home/uttam/Desktop/projects/furniro/furniro-backend/public/index.php(17): Illuminate\\Foundation\\Application->handleRequest()
#36 /home/uttam/Desktop/projects/furniro/furniro-backend/vendor/laravel/framework/src/Illuminate/Foundation/resources/server.php(16): require_once('...')
#37 {main}
"} 
